#
# There is insufficient memory for the Java Runtime Environment to continue.
# Native memory allocation (mmap) failed to map 65536 bytes for Failed to commit metaspace.
# Possible reasons:
#   The system is out of physical RAM or swap space
#   The process is running with CompressedOops enabled, and the Java Heap may be blocking the growth of the native heap
# Possible solutions:
#   Reduce memory load on the system
#   Increase physical memory or swap space
#   Check if swap backing store is full
#   Decrease Java heap size (-Xmx/-Xms)
#   Decrease number of Java threads
#   Decrease Java thread stack sizes (-Xss)
#   Set larger code cache with -XX:ReservedCodeCacheSize=
#   JVM is running with Zero Based Compressed Oops mode in which the Java heap is
#     placed in the first 32GB address space. The Java Heap base address is the
#     maximum limit for the native heap growth. Please use -XX:HeapBaseMinAddress
#     to set the Java Heap base and to place the Java Heap above 32GB virtual address.
# This output file may be truncated or incomplete.
#
#  Out of Memory Error (virtualSpaceNode.cpp:110), pid=1536, tid=10220
#
# JRE version: Java(TM) SE Runtime Environment (17.0.11+7) (build 17.0.11+7-LTS-207)
# Java VM: Java HotSpot(TM) 64-Bit Server VM (17.0.11+7-LTS-207, mixed mode, tiered, compressed oops, compressed class ptrs, g1 gc, windows-amd64)
# No core dump will be written. Minidumps are not enabled by default on client versions of Windows
#

---------------  S U M M A R Y ------------

Command Line: -Dfile.encoding=UTF-8 -Dstdout.encoding=UTF-8 -Dstderr.encoding=UTF-8 -XX:+ShowCodeDetailsInExceptionMessages Main

Host: 12th Gen Intel(R) Core(TM) i7-1255U, 12 cores, 15G,  Windows 11 , 64 bit Build 26100 (10.0.26100.7019)
Time: Mon Dec  1 13:08:34 2025 South Africa Standard Time elapsed time: 9.434665 seconds (0d 0h 0m 9s)

---------------  T H R E A D  ---------------

Current thread (0x00000153ddb2f670):  JavaThread "main" [_thread_in_vm, id=10220, stack(0x00000049d0d00000,0x00000049d0e00000)]

Stack: [0x00000049d0d00000,0x00000049d0e00000]
Native frames: (J=compiled Java code, j=interpreted, Vv=VM code, C=native code)
V  [jvm.dll+0x679cca]
V  [jvm.dll+0x7da13d]
V  [jvm.dll+0x7dba83]
V  [jvm.dll+0x7dc0f3]
V  [jvm.dll+0x2449af]
V  [jvm.dll+0x7d5d0b]
V  [jvm.dll+0x6200b6]
V  [jvm.dll+0x62011a]
V  [jvm.dll+0x62293d]
V  [jvm.dll+0x620a76]
V  [jvm.dll+0x2422dc]
V  [jvm.dll+0x6d079d]
V  [jvm.dll+0x6d116f]
V  [jvm.dll+0x36dd25]
V  [jvm.dll+0x36cdd4]
V  [jvm.dll+0x36cd78]
V  [jvm.dll+0x37ca9a]
C  0x00000153ec93b9f7

Java frames: (J=compiled Java code, j=interpreted, Vv=VM code)
j  jdk.internal.misc.TerminatingThreadLocal$1.initialValue()Ljava/util/Collection;+0 java.base@17.0.11
j  jdk.internal.misc.TerminatingThreadLocal$1.initialValue()Ljava/lang/Object;+1 java.base@17.0.11
j  java.lang.ThreadLocal.setInitialValue()Ljava/lang/Object;+1 java.base@17.0.11
j  java.lang.ThreadLocal.get()Ljava/lang/Object;+34 java.base@17.0.11
j  jdk.internal.misc.TerminatingThreadLocal.register(Ljdk/internal/misc/TerminatingThreadLocal;)V+3 java.base@17.0.11
j  java.lang.ThreadLocal.setInitialValue()Ljava/lang/Object;+45 java.base@17.0.11
j  java.lang.ThreadLocal.get()Ljava/lang/Object;+34 java.base@17.0.11
j  sun.nio.fs.NativeBuffers.getNativeBufferFromCache(I)Lsun/nio/fs/NativeBuffer;+3 java.base@17.0.11
j  sun.nio.fs.NativeBuffers.getNativeBuffer(I)Lsun/nio/fs/NativeBuffer;+1 java.base@17.0.11
j  sun.nio.fs.WindowsFileAttributes.get(Lsun/nio/fs/WindowsPath;Z)Lsun/nio/fs/WindowsFileAttributes;+10 java.base@17.0.11
j  sun.nio.fs.WindowsFileAttributeViews$Basic.readAttributes()Lsun/nio/fs/WindowsFileAttributes;+15 java.base@17.0.11
j  sun.nio.fs.WindowsFileAttributeViews$Basic.readAttributes()Ljava/nio/file/attribute/BasicFileAttributes;+1 java.base@17.0.11
j  sun.nio.fs.WindowsFileSystemProvider.readAttributes(Ljava/nio/file/Path;Ljava/lang/Class;[Ljava/nio/file/LinkOption;)Ljava/nio/file/attribute/BasicFileAttributes;+57 java.base@17.0.11
j  java.nio.file.Files.readAttributes(Ljava/nio/file/Path;Ljava/lang/Class;[Ljava/nio/file/LinkOption;)Ljava/nio/file/attribute/BasicFileAttributes;+7 java.base@17.0.11
j  java.util.zip.ZipFile$Source.get(Ljava/io/File;ZLjava/util/zip/ZipCoder;)Ljava/util/zip/ZipFile$Source;+15 java.base@17.0.11
j  java.util.zip.ZipFile$CleanableResource.<init>(Ljava/util/zip/ZipFile;Ljava/util/zip/ZipCoder;Ljava/io/File;I)V+56 java.base@17.0.11
j  java.util.zip.ZipFile.<init>(Ljava/io/File;ILjava/nio/charset/Charset;)V+123 java.base@17.0.11
j  java.util.zip.ZipFile.<init>(Ljava/io/File;I)V+6 java.base@17.0.11
j  java.util.jar.JarFile.<init>(Ljava/io/File;ZILjava/lang/Runtime$Version;)V+3 java.base@17.0.11
j  jdk.internal.loader.URLClassPath$JarLoader.getJarFile(Ljava/net/URL;)Ljava/util/jar/JarFile;+56 java.base@17.0.11
j  jdk.internal.loader.URLClassPath$JarLoader$1.run()Ljava/lang/Void;+55 java.base@17.0.11
j  jdk.internal.loader.URLClassPath$JarLoader$1.run()Ljava/lang/Object;+1 java.base@17.0.11
j  java.security.AccessController.executePrivileged(Ljava/security/PrivilegedExceptionAction;Ljava/security/AccessControlContext;Ljava/lang/Class;)Ljava/lang/Object;+29 java.base@17.0.11
j  java.security.AccessController.doPrivileged(Ljava/security/PrivilegedExceptionAction;Ljava/security/AccessControlContext;)Ljava/lang/Object;+13 java.base@17.0.11
j  jdk.internal.loader.URLClassPath$JarLoader.ensureOpen()V+19 java.base@17.0.11
j  jdk.internal.loader.URLClassPath$JarLoader.<init>(Ljava/net/URL;Ljava/net/URLStreamHandler;Ljava/util/HashMap;Ljava/security/AccessControlContext;)V+63 java.base@17.0.11
j  jdk.internal.loader.URLClassPath$3.run()Ljdk/internal/loader/URLClassPath$Loader;+168 java.base@17.0.11
j  jdk.internal.loader.URLClassPath$3.run()Ljava/lang/Object;+1 java.base@17.0.11
j  java.security.AccessController.executePrivileged(Ljava/security/PrivilegedExceptionAction;Ljava/security/AccessControlContext;Ljava/lang/Class;)Ljava/lang/Object;+29 java.base@17.0.11
j  java.security.AccessController.doPrivileged(Ljava/security/PrivilegedExceptionAction;Ljava/security/AccessControlContext;)Ljava/lang/Object;+13 java.base@17.0.11
j  jdk.internal.loader.URLClassPath.getLoader(Ljava/net/URL;)Ljdk/internal/loader/URLClassPath$Loader;+13 java.base@17.0.11
j  jdk.internal.loader.URLClassPath.getLoader(I)Ljdk/internal/loader/URLClassPath$Loader;+81 java.base@17.0.11
j  jdk.internal.loader.URLClassPath$1.next()Z+24 java.base@17.0.11
j  jdk.internal.loader.URLClassPath$1.hasMoreElements()Z+1 java.base@17.0.11
j  jdk.internal.loader.BuiltinClassLoader$1.hasNext()Z+43 java.base@17.0.11
j  jdk.internal.loader.BuiltinClassLoader$1.hasMoreElements()Z+1 java.base@17.0.11
j  java.lang.CompoundEnumeration.next()Z+33 java.base@17.0.11
j  java.lang.CompoundEnumeration.hasMoreElements()Z+1 java.base@17.0.11
j  java.util.ServiceLoader$LazyClassPathLookupIterator.nextProviderClass()Ljava/lang/Class;+152 java.base@17.0.11
j  java.util.ServiceLoader$LazyClassPathLookupIterator.hasNextService()Z+15 java.base@17.0.11
j  java.util.ServiceLoader$LazyClassPathLookupIterator.hasNext()Z+11 java.base@17.0.11
j  java.util.ServiceLoader$2.hasNext()Z+16 java.base@17.0.11
j  java.util.ServiceLoader$3.hasNext()Z+32 java.base@17.0.11
j  java.time.zone.ZoneRulesProvider.<clinit>()V+61 java.base@17.0.11
v  ~StubRoutines::call_stub
j  java.time.ZoneRegion.ofId(Ljava/lang/String;Z)Ljava/time/ZoneRegion;+15 java.base@17.0.11
j  java.time.ZoneId.of(Ljava/lang/String;Z)Ljava/time/ZoneId;+81 java.base@17.0.11
j  java.time.ZoneId.of(Ljava/lang/String;)Ljava/time/ZoneId;+2 java.base@17.0.11
j  java.time.ZoneId.of(Ljava/lang/String;Ljava/util/Map;)Ljava/time/ZoneId;+33 java.base@17.0.11
j  java.util.TimeZone.toZoneId0()Ljava/time/ZoneId;+97 java.base@17.0.11
j  java.util.TimeZone.toZoneId()Ljava/time/ZoneId;+11 java.base@17.0.11
j  java.util.TimeZone.toZoneId0()Ljava/time/ZoneId;+30 java.base@17.0.11
j  java.util.TimeZone.toZoneId()Ljava/time/ZoneId;+11 java.base@17.0.11
j  java.time.ZoneId.systemDefault()Ljava/time/ZoneId;+3 java.base@17.0.11
j  java.time.Clock.systemDefaultZone()Ljava/time/Clock;+4 java.base@17.0.11
j  java.time.LocalDate.now()Ljava/time/LocalDate;+0 java.base@17.0.11
j  model.Book.borrow(Lmodel/User;)V+11
j  Main.main([Ljava/lang/String;)V+243
v  ~StubRoutines::call_stub

---------------  P R O C E S S  ---------------

Threads class SMR info:
_java_thread_list=0x0000015380d796d0, length=12, elements={
0x00000153ddb2f670, 0x0000015380bfb260, 0x0000015380bfd4e0, 0x0000015380c15fc0,
0x0000015380c302d0, 0x0000015380c30f50, 0x0000015380c31fc0, 0x0000015380c32c70,
0x0000015380c2af30, 0x0000015380c2bc50, 0x0000015380d9ff10, 0x0000015380dce020
}

Java Threads: ( => current thread )
=>0x00000153ddb2f670 JavaThread "main" [_thread_in_vm, id=10220, stack(0x00000049d0d00000,0x00000049d0e00000)]
  0x0000015380bfb260 JavaThread "Reference Handler" daemon [_thread_blocked, id=31952, stack(0x00000049d1400000,0x00000049d1500000)]
  0x0000015380bfd4e0 JavaThread "Finalizer" daemon [_thread_blocked, id=9196, stack(0x00000049d1500000,0x00000049d1600000)]
  0x0000015380c15fc0 JavaThread "Signal Dispatcher" daemon [_thread_blocked, id=8576, stack(0x00000049d1600000,0x00000049d1700000)]
  0x0000015380c302d0 JavaThread "Attach Listener" daemon [_thread_blocked, id=27100, stack(0x00000049d1700000,0x00000049d1800000)]
  0x0000015380c30f50 JavaThread "Service Thread" daemon [_thread_blocked, id=31272, stack(0x00000049d1800000,0x00000049d1900000)]
  0x0000015380c31fc0 JavaThread "Monitor Deflation Thread" daemon [_thread_blocked, id=32996, stack(0x00000049d1900000,0x00000049d1a00000)]
  0x0000015380c32c70 JavaThread "C2 CompilerThread0" daemon [_thread_blocked, id=8144, stack(0x00000049d1a00000,0x00000049d1b00000)]
  0x0000015380c2af30 JavaThread "C1 CompilerThread0" daemon [_thread_blocked, id=6588, stack(0x00000049d1b00000,0x00000049d1c00000)]
  0x0000015380c2bc50 JavaThread "Sweeper thread" daemon [_thread_blocked, id=30388, stack(0x00000049d1c00000,0x00000049d1d00000)]
  0x0000015380d9ff10 JavaThread "Notification Thread" daemon [_thread_blocked, id=18612, stack(0x00000049d1d00000,0x00000049d1e00000)]
  0x0000015380dce020 JavaThread "Common-Cleaner" daemon [_thread_blocked, id=26788, stack(0x00000049d1f00000,0x00000049d2000000)]

Other Threads:
  0x0000015380bcde70 VMThread "VM Thread" [stack: 0x00000049d1300000,0x00000049d1400000] [id=27548]
  0x0000015380da2810 WatcherThread [stack: 0x00000049d1e00000,0x00000049d1f00000] [id=16684]
  0x00000153ddb9cbc0 GCTaskThread "GC Thread#0" [stack: 0x00000049d0e00000,0x00000049d0f00000] [id=30836]
  0x00000153ddbad520 ConcurrentGCThread "G1 Main Marker" [stack: 0x00000049d0f00000,0x00000049d1000000] [id=4532]
  0x00000153ddbb0770 ConcurrentGCThread "G1 Conc#0" [stack: 0x00000049d1000000,0x00000049d1100000] [id=32864]
  0x00000153ddbfde40 ConcurrentGCThread "G1 Refine#0" [stack: 0x00000049d1100000,0x00000049d1200000] [id=3704]
  0x00000153ddbfe620 ConcurrentGCThread "G1 Service" [stack: 0x00000049d1200000,0x00000049d1300000] [id=29852]

Threads with active compile tasks:

VM state: not at safepoint (normal execution)

VM Mutex/Monitor currently owned by a thread:  ([mutex/lock_event])
[0x00000153ddb2be90] Metaspace_lock - owner thread: 0x00000153ddb2f670

Heap address: 0x0000000705000000, size: 4016 MB, Compressed Oops mode: Zero based, Oop shift amount: 3

CDS archive(s) not mapped
Compressed class space mapped at: 0x0000000800000000-0x0000000840000000, reserved size: 1073741824
Narrow klass base: 0x0000000800000000, Narrow klass shift: 0, Narrow klass range: 0x40000000

GC Precious Log:
 CPUs: 12 total, 12 available
 Memory: 16057M
 Large Page Support: Disabled
 NUMA Support: Disabled
 Compressed Oops: Enabled (Zero based)
 Heap Region Size: 2M
 Heap Min Capacity: 8M
 Heap Initial Capacity: 252M
 Heap Max Capacity: 4016M
 Pre-touch: Disabled
 Parallel Workers: 10
 Concurrent Workers: 3
 Concurrent Refinement Workers: 10
 Periodic GC: Disabled

Heap:
 garbage-first heap   total 258048K, used 2048K [0x0000000705000000, 0x0000000800000000)
  region size 2048K, 2 young (4096K), 0 survivors (0K)
 Metaspace       used 7107K, committed 7232K, reserved 1114112K
  class space    used 587K, committed 704K, reserved 1048576K

Heap Regions: E=young(eden), S=young(survivor), O=old, HS=humongous(starts), HC=humongous(continues), CS=collection set, F=free, OA=open archive, CA=closed archive, TAMS=top-at-mark-start (previous, next)
|   0|0x0000000705000000, 0x0000000705000000, 0x0000000705200000|  0%| F|  |TAMS 0x0000000705000000, 0x0000000705000000| Untracked 
|   1|0x0000000705200000, 0x0000000705200000, 0x0000000705400000|  0%| F|  |TAMS 0x0000000705200000, 0x0000000705200000| Untracked 
|   2|0x0000000705400000, 0x0000000705400000, 0x0000000705600000|  0%| F|  |TAMS 0x0000000705400000, 0x0000000705400000| Untracked 
|   3|0x0000000705600000, 0x0000000705600000, 0x0000000705800000|  0%| F|  |TAMS 0x0000000705600000, 0x0000000705600000| Untracked 
|   4|0x0000000705800000, 0x0000000705800000, 0x0000000705a00000|  0%| F|  |TAMS 0x0000000705800000, 0x0000000705800000| Untracked 
|   5|0x0000000705a00000, 0x0000000705a00000, 0x0000000705c00000|  0%| F|  |TAMS 0x0000000705a00000, 0x0000000705a00000| Untracked 
|   6|0x0000000705c00000, 0x0000000705c00000, 0x0000000705e00000|  0%| F|  |TAMS 0x0000000705c00000, 0x0000000705c00000| Untracked 
|   7|0x0000000705e00000, 0x0000000705e00000, 0x0000000706000000|  0%| F|  |TAMS 0x0000000705e00000, 0x0000000705e00000| Untracked 
|   8|0x0000000706000000, 0x0000000706000000, 0x0000000706200000|  0%| F|  |TAMS 0x0000000706000000, 0x0000000706000000| Untracked 
|   9|0x0000000706200000, 0x0000000706200000, 0x0000000706400000|  0%| F|  |TAMS 0x0000000706200000, 0x0000000706200000| Untracked 
|  10|0x0000000706400000, 0x0000000706400000, 0x0000000706600000|  0%| F|  |TAMS 0x0000000706400000, 0x0000000706400000| Untracked 
|  11|0x0000000706600000, 0x0000000706600000, 0x0000000706800000|  0%| F|  |TAMS 0x0000000706600000, 0x0000000706600000| Untracked 
|  12|0x0000000706800000, 0x0000000706800000, 0x0000000706a00000|  0%| F|  |TAMS 0x0000000706800000, 0x0000000706800000| Untracked 
|  13|0x0000000706a00000, 0x0000000706a00000, 0x0000000706c00000|  0%| F|  |TAMS 0x0000000706a00000, 0x0000000706a00000| Untracked 
|  14|0x0000000706c00000, 0x0000000706c00000, 0x0000000706e00000|  0%| F|  |TAMS 0x0000000706c00000, 0x0000000706c00000| Untracked 
|  15|0x0000000706e00000, 0x0000000706e00000, 0x0000000707000000|  0%| F|  |TAMS 0x0000000706e00000, 0x0000000706e00000| Untracked 
|  16|0x0000000707000000, 0x0000000707000000, 0x0000000707200000|  0%| F|  |TAMS 0x0000000707000000, 0x0000000707000000| Untracked 
|  17|0x0000000707200000, 0x0000000707200000, 0x0000000707400000|  0%| F|  |TAMS 0x0000000707200000, 0x0000000707200000| Untracked 
|  18|0x0000000707400000, 0x0000000707400000, 0x0000000707600000|  0%| F|  |TAMS 0x0000000707400000, 0x0000000707400000| Untracked 
|  19|0x0000000707600000, 0x0000000707600000, 0x0000000707800000|  0%| F|  |TAMS 0x0000000707600000, 0x0000000707600000| Untracked 
|  20|0x0000000707800000, 0x0000000707800000, 0x0000000707a00000|  0%| F|  |TAMS 0x0000000707800000, 0x0000000707800000| Untracked 
|  21|0x0000000707a00000, 0x0000000707a00000, 0x0000000707c00000|  0%| F|  |TAMS 0x0000000707a00000, 0x0000000707a00000| Untracked 
|  22|0x0000000707c00000, 0x0000000707c00000, 0x0000000707e00000|  0%| F|  |TAMS 0x0000000707c00000, 0x0000000707c00000| Untracked 
|  23|0x0000000707e00000, 0x0000000707e00000, 0x0000000708000000|  0%| F|  |TAMS 0x0000000707e00000, 0x0000000707e00000| Untracked 
|  24|0x0000000708000000, 0x0000000708000000, 0x0000000708200000|  0%| F|  |TAMS 0x0000000708000000, 0x0000000708000000| Untracked 
|  25|0x0000000708200000, 0x0000000708200000, 0x0000000708400000|  0%| F|  |TAMS 0x0000000708200000, 0x0000000708200000| Untracked 
|  26|0x0000000708400000, 0x0000000708400000, 0x0000000708600000|  0%| F|  |TAMS 0x0000000708400000, 0x0000000708400000| Untracked 
|  27|0x0000000708600000, 0x0000000708600000, 0x0000000708800000|  0%| F|  |TAMS 0x0000000708600000, 0x0000000708600000| Untracked 
|  28|0x0000000708800000, 0x0000000708800000, 0x0000000708a00000|  0%| F|  |TAMS 0x0000000708800000, 0x0000000708800000| Untracked 
|  29|0x0000000708a00000, 0x0000000708a00000, 0x0000000708c00000|  0%| F|  |TAMS 0x0000000708a00000, 0x0000000708a00000| Untracked 
|  30|0x0000000708c00000, 0x0000000708c00000, 0x0000000708e00000|  0%| F|  |TAMS 0x0000000708c00000, 0x0000000708c00000| Untracked 
|  31|0x0000000708e00000, 0x0000000708e00000, 0x0000000709000000|  0%| F|  |TAMS 0x0000000708e00000, 0x0000000708e00000| Untracked 
|  32|0x0000000709000000, 0x0000000709000000, 0x0000000709200000|  0%| F|  |TAMS 0x0000000709000000, 0x0000000709000000| Untracked 
|  33|0x0000000709200000, 0x0000000709200000, 0x0000000709400000|  0%| F|  |TAMS 0x0000000709200000, 0x0000000709200000| Untracked 
|  34|0x0000000709400000, 0x0000000709400000, 0x0000000709600000|  0%| F|  |TAMS 0x0000000709400000, 0x0000000709400000| Untracked 
|  35|0x0000000709600000, 0x0000000709600000, 0x0000000709800000|  0%| F|  |TAMS 0x0000000709600000, 0x0000000709600000| Untracked 
|  36|0x0000000709800000, 0x0000000709800000, 0x0000000709a00000|  0%| F|  |TAMS 0x0000000709800000, 0x0000000709800000| Untracked 
|  37|0x0000000709a00000, 0x0000000709a00000, 0x0000000709c00000|  0%| F|  |TAMS 0x0000000709a00000, 0x0000000709a00000| Untracked 
|  38|0x0000000709c00000, 0x0000000709c00000, 0x0000000709e00000|  0%| F|  |TAMS 0x0000000709c00000, 0x0000000709c00000| Untracked 
|  39|0x0000000709e00000, 0x0000000709e00000, 0x000000070a000000|  0%| F|  |TAMS 0x0000000709e00000, 0x0000000709e00000| Untracked 
|  40|0x000000070a000000, 0x000000070a000000, 0x000000070a200000|  0%| F|  |TAMS 0x000000070a000000, 0x000000070a000000| Untracked 
|  41|0x000000070a200000, 0x000000070a200000, 0x000000070a400000|  0%| F|  |TAMS 0x000000070a200000, 0x000000070a200000| Untracked 
|  42|0x000000070a400000, 0x000000070a400000, 0x000000070a600000|  0%| F|  |TAMS 0x000000070a400000, 0x000000070a400000| Untracked 
|  43|0x000000070a600000, 0x000000070a600000, 0x000000070a800000|  0%| F|  |TAMS 0x000000070a600000, 0x000000070a600000| Untracked 
|  44|0x000000070a800000, 0x000000070a800000, 0x000000070aa00000|  0%| F|  |TAMS 0x000000070a800000, 0x000000070a800000| Untracked 
|  45|0x000000070aa00000, 0x000000070aa00000, 0x000000070ac00000|  0%| F|  |TAMS 0x000000070aa00000, 0x000000070aa00000| Untracked 
|  46|0x000000070ac00000, 0x000000070ac00000, 0x000000070ae00000|  0%| F|  |TAMS 0x000000070ac00000, 0x000000070ac00000| Untracked 
|  47|0x000000070ae00000, 0x000000070ae00000, 0x000000070b000000|  0%| F|  |TAMS 0x000000070ae00000, 0x000000070ae00000| Untracked 
|  48|0x000000070b000000, 0x000000070b000000, 0x000000070b200000|  0%| F|  |TAMS 0x000000070b000000, 0x000000070b000000| Untracked 
|  49|0x000000070b200000, 0x000000070b200000, 0x000000070b400000|  0%| F|  |TAMS 0x000000070b200000, 0x000000070b200000| Untracked 
|  50|0x000000070b400000, 0x000000070b400000, 0x000000070b600000|  0%| F|  |TAMS 0x000000070b400000, 0x000000070b400000| Untracked 
|  51|0x000000070b600000, 0x000000070b600000, 0x000000070b800000|  0%| F|  |TAMS 0x000000070b600000, 0x000000070b600000| Untracked 
|  52|0x000000070b800000, 0x000000070b800000, 0x000000070ba00000|  0%| F|  |TAMS 0x000000070b800000, 0x000000070b800000| Untracked 
|  53|0x000000070ba00000, 0x000000070ba00000, 0x000000070bc00000|  0%| F|  |TAMS 0x000000070ba00000, 0x000000070ba00000| Untracked 
|  54|0x000000070bc00000, 0x000000070bc00000, 0x000000070be00000|  0%| F|  |TAMS 0x000000070bc00000, 0x000000070bc00000| Untracked 
|  55|0x000000070be00000, 0x000000070be00000, 0x000000070c000000|  0%| F|  |TAMS 0x000000070be00000, 0x000000070be00000| Untracked 
|  56|0x000000070c000000, 0x000000070c000000, 0x000000070c200000|  0%| F|  |TAMS 0x000000070c000000, 0x000000070c000000| Untracked 
|  57|0x000000070c200000, 0x000000070c200000, 0x000000070c400000|  0%| F|  |TAMS 0x000000070c200000, 0x000000070c200000| Untracked 
|  58|0x000000070c400000, 0x000000070c400000, 0x000000070c600000|  0%| F|  |TAMS 0x000000070c400000, 0x000000070c400000| Untracked 
|  59|0x000000070c600000, 0x000000070c600000, 0x000000070c800000|  0%| F|  |TAMS 0x000000070c600000, 0x000000070c600000| Untracked 
|  60|0x000000070c800000, 0x000000070c800000, 0x000000070ca00000|  0%| F|  |TAMS 0x000000070c800000, 0x000000070c800000| Untracked 
|  61|0x000000070ca00000, 0x000000070ca00000, 0x000000070cc00000|  0%| F|  |TAMS 0x000000070ca00000, 0x000000070ca00000| Untracked 
|  62|0x000000070cc00000, 0x000000070cc00000, 0x000000070ce00000|  0%| F|  |TAMS 0x000000070cc00000, 0x000000070cc00000| Untracked 
|  63|0x000000070ce00000, 0x000000070ce00000, 0x000000070d000000|  0%| F|  |TAMS 0x000000070ce00000, 0x000000070ce00000| Untracked 
|  64|0x000000070d000000, 0x000000070d000000, 0x000000070d200000|  0%| F|  |TAMS 0x000000070d000000, 0x000000070d000000| Untracked 
|  65|0x000000070d200000, 0x000000070d200000, 0x000000070d400000|  0%| F|  |TAMS 0x000000070d200000, 0x000000070d200000| Untracked 
|  66|0x000000070d400000, 0x000000070d400000, 0x000000070d600000|  0%| F|  |TAMS 0x000000070d400000, 0x000000070d400000| Untracked 
|  67|0x000000070d600000, 0x000000070d600000, 0x000000070d800000|  0%| F|  |TAMS 0x000000070d600000, 0x000000070d600000| Untracked 
|  68|0x000000070d800000, 0x000000070d800000, 0x000000070da00000|  0%| F|  |TAMS 0x000000070d800000, 0x000000070d800000| Untracked 
|  69|0x000000070da00000, 0x000000070da00000, 0x000000070dc00000|  0%| F|  |TAMS 0x000000070da00000, 0x000000070da00000| Untracked 
|  70|0x000000070dc00000, 0x000000070dc00000, 0x000000070de00000|  0%| F|  |TAMS 0x000000070dc00000, 0x000000070dc00000| Untracked 
|  71|0x000000070de00000, 0x000000070de00000, 0x000000070e000000|  0%| F|  |TAMS 0x000000070de00000, 0x000000070de00000| Untracked 
|  72|0x000000070e000000, 0x000000070e000000, 0x000000070e200000|  0%| F|  |TAMS 0x000000070e000000, 0x000000070e000000| Untracked 
|  73|0x000000070e200000, 0x000000070e200000, 0x000000070e400000|  0%| F|  |TAMS 0x000000070e200000, 0x000000070e200000| Untracked 
|  74|0x000000070e400000, 0x000000070e400000, 0x000000070e600000|  0%| F|  |TAMS 0x000000070e400000, 0x000000070e400000| Untracked 
|  75|0x000000070e600000, 0x000000070e600000, 0x000000070e800000|  0%| F|  |TAMS 0x000000070e600000, 0x000000070e600000| Untracked 
|  76|0x000000070e800000, 0x000000070e800000, 0x000000070ea00000|  0%| F|  |TAMS 0x000000070e800000, 0x000000070e800000| Untracked 
|  77|0x000000070ea00000, 0x000000070ea00000, 0x000000070ec00000|  0%| F|  |TAMS 0x000000070ea00000, 0x000000070ea00000| Untracked 
|  78|0x000000070ec00000, 0x000000070ec00000, 0x000000070ee00000|  0%| F|  |TAMS 0x000000070ec00000, 0x000000070ec00000| Untracked 
|  79|0x000000070ee00000, 0x000000070ee00000, 0x000000070f000000|  0%| F|  |TAMS 0x000000070ee00000, 0x000000070ee00000| Untracked 
|  80|0x000000070f000000, 0x000000070f000000, 0x000000070f200000|  0%| F|  |TAMS 0x000000070f000000, 0x000000070f000000| Untracked 
|  81|0x000000070f200000, 0x000000070f200000, 0x000000070f400000|  0%| F|  |TAMS 0x000000070f200000, 0x000000070f200000| Untracked 
|  82|0x000000070f400000, 0x000000070f400000, 0x000000070f600000|  0%| F|  |TAMS 0x000000070f400000, 0x000000070f400000| Untracked 
|  83|0x000000070f600000, 0x000000070f600000, 0x000000070f800000|  0%| F|  |TAMS 0x000000070f600000, 0x000000070f600000| Untracked 
|  84|0x000000070f800000, 0x000000070f800000, 0x000000070fa00000|  0%| F|  |TAMS 0x000000070f800000, 0x000000070f800000| Untracked 
|  85|0x000000070fa00000, 0x000000070fa00000, 0x000000070fc00000|  0%| F|  |TAMS 0x000000070fa00000, 0x000000070fa00000| Untracked 
|  86|0x000000070fc00000, 0x000000070fc00000, 0x000000070fe00000|  0%| F|  |TAMS 0x000000070fc00000, 0x000000070fc00000| Untracked 
|  87|0x000000070fe00000, 0x000000070fe00000, 0x0000000710000000|  0%| F|  |TAMS 0x000000070fe00000, 0x000000070fe00000| Untracked 
|  88|0x0000000710000000, 0x0000000710000000, 0x0000000710200000|  0%| F|  |TAMS 0x0000000710000000, 0x0000000710000000| Untracked 
|  89|0x0000000710200000, 0x0000000710200000, 0x0000000710400000|  0%| F|  |TAMS 0x0000000710200000, 0x0000000710200000| Untracked 
|  90|0x0000000710400000, 0x0000000710400000, 0x0000000710600000|  0%| F|  |TAMS 0x0000000710400000, 0x0000000710400000| Untracked 
|  91|0x0000000710600000, 0x0000000710600000, 0x0000000710800000|  0%| F|  |TAMS 0x0000000710600000, 0x0000000710600000| Untracked 
|  92|0x0000000710800000, 0x0000000710800000, 0x0000000710a00000|  0%| F|  |TAMS 0x0000000710800000, 0x0000000710800000| Untracked 
|  93|0x0000000710a00000, 0x0000000710a00000, 0x0000000710c00000|  0%| F|  |TAMS 0x0000000710a00000, 0x0000000710a00000| Untracked 
|  94|0x0000000710c00000, 0x0000000710c00000, 0x0000000710e00000|  0%| F|  |TAMS 0x0000000710c00000, 0x0000000710c00000| Untracked 
|  95|0x0000000710e00000, 0x0000000710e00000, 0x0000000711000000|  0%| F|  |TAMS 0x0000000710e00000, 0x0000000710e00000| Untracked 
|  96|0x0000000711000000, 0x0000000711000000, 0x0000000711200000|  0%| F|  |TAMS 0x0000000711000000, 0x0000000711000000| Untracked 
|  97|0x0000000711200000, 0x0000000711200000, 0x0000000711400000|  0%| F|  |TAMS 0x0000000711200000, 0x0000000711200000| Untracked 
|  98|0x0000000711400000, 0x0000000711400000, 0x0000000711600000|  0%| F|  |TAMS 0x0000000711400000, 0x0000000711400000| Untracked 
|  99|0x0000000711600000, 0x0000000711600000, 0x0000000711800000|  0%| F|  |TAMS 0x0000000711600000, 0x0000000711600000| Untracked 
| 100|0x0000000711800000, 0x0000000711800000, 0x0000000711a00000|  0%| F|  |TAMS 0x0000000711800000, 0x0000000711800000| Untracked 
| 101|0x0000000711a00000, 0x0000000711a00000, 0x0000000711c00000|  0%| F|  |TAMS 0x0000000711a00000, 0x0000000711a00000| Untracked 
| 102|0x0000000711c00000, 0x0000000711c00000, 0x0000000711e00000|  0%| F|  |TAMS 0x0000000711c00000, 0x0000000711c00000| Untracked 
| 103|0x0000000711e00000, 0x0000000711e00000, 0x0000000712000000|  0%| F|  |TAMS 0x0000000711e00000, 0x0000000711e00000| Untracked 
| 104|0x0000000712000000, 0x0000000712000000, 0x0000000712200000|  0%| F|  |TAMS 0x0000000712000000, 0x0000000712000000| Untracked 
| 105|0x0000000712200000, 0x0000000712200000, 0x0000000712400000|  0%| F|  |TAMS 0x0000000712200000, 0x0000000712200000| Untracked 
| 106|0x0000000712400000, 0x0000000712400000, 0x0000000712600000|  0%| F|  |TAMS 0x0000000712400000, 0x0000000712400000| Untracked 
| 107|0x0000000712600000, 0x0000000712600000, 0x0000000712800000|  0%| F|  |TAMS 0x0000000712600000, 0x0000000712600000| Untracked 
| 108|0x0000000712800000, 0x0000000712800000, 0x0000000712a00000|  0%| F|  |TAMS 0x0000000712800000, 0x0000000712800000| Untracked 
| 109|0x0000000712a00000, 0x0000000712a00000, 0x0000000712c00000|  0%| F|  |TAMS 0x0000000712a00000, 0x0000000712a00000| Untracked 
| 110|0x0000000712c00000, 0x0000000712c00000, 0x0000000712e00000|  0%| F|  |TAMS 0x0000000712c00000, 0x0000000712c00000| Untracked 
| 111|0x0000000712e00000, 0x0000000712e00000, 0x0000000713000000|  0%| F|  |TAMS 0x0000000712e00000, 0x0000000712e00000| Untracked 
| 112|0x0000000713000000, 0x0000000713000000, 0x0000000713200000|  0%| F|  |TAMS 0x0000000713000000, 0x0000000713000000| Untracked 
| 113|0x0000000713200000, 0x0000000713200000, 0x0000000713400000|  0%| F|  |TAMS 0x0000000713200000, 0x0000000713200000| Untracked 
| 114|0x0000000713400000, 0x0000000713400000, 0x0000000713600000|  0%| F|  |TAMS 0x0000000713400000, 0x0000000713400000| Untracked 
| 115|0x0000000713600000, 0x0000000713600000, 0x0000000713800000|  0%| F|  |TAMS 0x0000000713600000, 0x0000000713600000| Untracked 
| 116|0x0000000713800000, 0x0000000713800000, 0x0000000713a00000|  0%| F|  |TAMS 0x0000000713800000, 0x0000000713800000| Untracked 
| 117|0x0000000713a00000, 0x0000000713a00000, 0x0000000713c00000|  0%| F|  |TAMS 0x0000000713a00000, 0x0000000713a00000| Untracked 
| 118|0x0000000713c00000, 0x0000000713c00000, 0x0000000713e00000|  0%| F|  |TAMS 0x0000000713c00000, 0x0000000713c00000| Untracked 
| 119|0x0000000713e00000, 0x0000000713e00000, 0x0000000714000000|  0%| F|  |TAMS 0x0000000713e00000, 0x0000000713e00000| Untracked 
| 120|0x0000000714000000, 0x0000000714000000, 0x0000000714200000|  0%| F|  |TAMS 0x0000000714000000, 0x0000000714000000| Untracked 
| 121|0x0000000714200000, 0x0000000714200000, 0x0000000714400000|  0%| F|  |TAMS 0x0000000714200000, 0x0000000714200000| Untracked 
| 122|0x0000000714400000, 0x0000000714400000, 0x0000000714600000|  0%| F|  |TAMS 0x0000000714400000, 0x0000000714400000| Untracked 
| 123|0x0000000714600000, 0x0000000714600000, 0x0000000714800000|  0%| F|  |TAMS 0x0000000714600000, 0x0000000714600000| Untracked 
| 124|0x0000000714800000, 0x00000007148e20b8, 0x0000000714a00000| 44%| E|  |TAMS 0x0000000714800000, 0x0000000714800000| Complete 
| 125|0x0000000714a00000, 0x0000000714c00000, 0x0000000714c00000|100%| E|CS|TAMS 0x0000000714a00000, 0x0000000714a00000| Complete 

Card table byte_map: [0x00000153f5120000,0x00000153f5900000] _byte_map_base: 0x00000153f18f8000

Marking Bits (Prev, Next): (CMBitMap*) 0x00000153ddb9d0f0, (CMBitMap*) 0x00000153ddb9d130
 Prev Bits: [0x00000153f60e0000, 0x00000153f9fa0000)
 Next Bits: [0x00000153f9fa0000, 0x00000153fde60000)

Polling page: 0x00000153dbaf0000

Metaspace:

Usage:
  Non-class:      6.37 MB used.
      Class:    587.03 KB used.
       Both:      6.94 MB used.

Virtual space:
  Non-class space:       64.00 MB reserved,       6.38 MB ( 10%) committed,  1 nodes.
      Class space:        1.00 GB reserved,     704.00 KB ( <1%) committed,  1 nodes.
             Both:        1.06 GB reserved,       7.06 MB ( <1%) committed. 

Chunk freelists:
   Non-Class:  9.00 MB
       Class:  15.25 MB
        Both:  24.25 MB

MaxMetaspaceSize: unlimited
CompressedClassSpaceSize: 1.00 GB
Initial GC threshold: 21.00 MB
Current GC threshold: 21.00 MB
CDS: off
MetaspaceReclaimPolicy: balanced
 - commit_granule_bytes: 65536.
 - commit_granule_words: 8192.
 - virtual_space_node_default_size: 8388608.
 - enlarge_chunks_in_place: 1.
 - new_chunks_are_fully_committed: 0.
 - uncommit_free_chunks: 1.
 - use_allocation_guard: 0.
 - handle_deallocations: 1.


Internal statistics:

num_allocs_failed_limit: 0.
num_arena_births: 8.
num_arena_deaths: 0.
num_vsnodes_births: 2.
num_vsnodes_deaths: 0.
num_space_committed: 113.
num_space_uncommitted: 0.
num_chunks_returned_to_freelist: 0.
num_chunks_taken_from_freelist: 27.
num_chunk_merges: 0.
num_chunk_splits: 9.
num_chunks_enlarged: 3.
num_inconsistent_stats: 0.

CodeHeap 'non-profiled nmethods': size=120000Kb used=54Kb max_used=54Kb free=119945Kb
 bounds [0x00000153ecec0000, 0x00000153ed130000, 0x00000153f43f0000]
CodeHeap 'profiled nmethods': size=120000Kb used=256Kb max_used=256Kb free=119743Kb
 bounds [0x00000153e53f0000, 0x00000153e5660000, 0x00000153ec920000]
CodeHeap 'non-nmethods': size=5760Kb used=1101Kb max_used=1114Kb free=4658Kb
 bounds [0x00000153ec920000, 0x00000153ecb90000, 0x00000153ecec0000]
 total_blobs=576 nmethods=203 adapters=286
 compilation: enabled
              stopped_count=0, restarted_count=0
 full_count=0

Compilation events (20 events):
Event: 6.382 Thread 0x0000015380c2af30  193       3       java.nio.DirectByteBuffer::ix (10 bytes)
Event: 6.382 Thread 0x0000015380c2af30 nmethod 193 0x00000153e542c010 code [0x00000153e542c1a0, 0x00000153e542c2b8]
Event: 6.382 Thread 0x0000015380c2af30  194   !   3       jdk.internal.misc.ScopedMemoryAccess::getByte (20 bytes)
Event: 6.382 Thread 0x0000015380c2af30 nmethod 194 0x00000153e542c390 code [0x00000153e542c560, 0x00000153e542c998]
Event: 6.382 Thread 0x0000015380c2af30  199       3       jdk.internal.jimage.ImageStringsReader::unmaskedHashCode (166 bytes)
Event: 6.382 Thread 0x0000015380c2af30 nmethod 199 0x00000153e542cb90 code [0x00000153e542cde0, 0x00000153e542d9d8]
Event: 6.382 Thread 0x0000015380c2af30  195   !   3       jdk.internal.misc.ScopedMemoryAccess::getByteInternal (36 bytes)
Event: 6.383 Thread 0x0000015380c2af30 nmethod 195 0x00000153e542df10 code [0x00000153e542e0c0, 0x00000153e542e328]
Event: 6.383 Thread 0x0000015380c2af30  198       1       java.nio.Buffer::limit (5 bytes)
Event: 6.383 Thread 0x0000015380c2af30 nmethod 198 0x00000153ececd690 code [0x00000153ececd820, 0x00000153ececd8f8]
Event: 6.383 Thread 0x0000015380c2af30  200       3       java.lang.Math::max (11 bytes)
Event: 6.383 Thread 0x0000015380c2af30 nmethod 200 0x00000153e542e490 code [0x00000153e542e620, 0x00000153e542e758]
Event: 6.383 Thread 0x0000015380c2af30  201       3       java.lang.StringLatin1::lastIndexOf (40 bytes)
Event: 6.383 Thread 0x0000015380c2af30 nmethod 201 0x00000153e542e810 code [0x00000153e542e9e0, 0x00000153e542edd8]
Event: 6.383 Thread 0x0000015380c2af30  202       3       java.util.Optional::<init> (10 bytes)
Event: 6.383 Thread 0x0000015380c2af30 nmethod 202 0x00000153e542ef10 code [0x00000153e542f0a0, 0x00000153e542f258]
Event: 6.383 Thread 0x0000015380c2af30  203       3       java.lang.AbstractStringBuilder::append (77 bytes)
Event: 6.384 Thread 0x0000015380c2af30 nmethod 203 0x00000153e542f310 code [0x00000153e542f520, 0x00000153e542fbc8]
Event: 7.410 Thread 0x0000015380c2af30  204       3       java.util.AbstractMap::<init> (5 bytes)
Event: 7.410 Thread 0x0000015380c2af30 nmethod 204 0x00000153e542fe10 code [0x00000153e542ffa0, 0x00000153e54300f8]

GC Heap History (0 events):
No events

Deoptimization events (0 events):
No events

Classes unloaded (0 events):
No events

Classes redefined (0 events):
No events

Internal exceptions (0 events):
No events

VM Operations (8 events):
Event: 3.207 Executing VM operation: Cleanup
Event: 3.253 Executing VM operation: Cleanup done
Event: 4.263 Executing VM operation: Cleanup
Event: 4.293 Executing VM operation: Cleanup done
Event: 5.297 Executing VM operation: Cleanup
Event: 5.328 Executing VM operation: Cleanup done
Event: 7.347 Executing VM operation: Cleanup
Event: 7.409 Executing VM operation: Cleanup done

Events (20 events):
Event: 7.410 loading class sun/nio/fs/AbstractBasicFileAttributeView done
Event: 7.410 loading class sun/nio/fs/WindowsFileAttributeViews$Basic done
Event: 7.410 loading class sun/nio/fs/WindowsFileAttributes
Event: 7.410 loading class java/nio/file/attribute/DosFileAttributes
Event: 7.410 loading class java/nio/file/attribute/DosFileAttributes done
Event: 7.410 loading class sun/nio/fs/WindowsFileAttributes done
Event: 7.411 loading class sun/nio/fs/NativeBuffers
Event: 7.411 loading class sun/nio/fs/NativeBuffers done
Event: 7.411 loading class sun/nio/fs/NativeBuffers$1
Event: 7.411 loading class jdk/internal/misc/TerminatingThreadLocal
Event: 7.411 loading class jdk/internal/misc/TerminatingThreadLocal done
Event: 7.411 loading class sun/nio/fs/NativeBuffers$1 done
Event: 7.411 loading class jdk/internal/misc/TerminatingThreadLocal$1
Event: 7.411 loading class jdk/internal/misc/TerminatingThreadLocal$1 done
Event: 7.411 loading class java/lang/ThreadLocal$ThreadLocalMap
Event: 7.411 loading class java/lang/ThreadLocal$ThreadLocalMap done
Event: 7.411 loading class java/lang/ThreadLocal$ThreadLocalMap$Entry
Event: 7.411 loading class java/lang/ThreadLocal$ThreadLocalMap$Entry done
Event: 7.411 loading class java/util/IdentityHashMap
Event: 7.411 loading class java/util/IdentityHashMap done


Dynamic libraries:
0x00007ff64a090000 - 0x00007ff64a0a0000 	C:\Program Files\Java\jdk-17\bin\javaw.exe
0x00007fffbd740000 - 0x00007fffbd9a8000 	C:\WINDOWS\SYSTEM32\ntdll.dll
0x00007fffbcbb0000 - 0x00007fffbcc79000 	C:\WINDOWS\System32\KERNEL32.DLL
0x00007fffbacd0000 - 0x00007fffbb0c8000 	C:\WINDOWS\System32\KERNELBASE.dll
0x00007fffbab80000 - 0x00007fffbaccb000 	C:\WINDOWS\System32\ucrtbase.dll
0x00007fff91f90000 - 0x00007fff91fab000 	C:\Program Files\Java\jdk-17\bin\VCRUNTIME140.dll
0x00007fff93720000 - 0x00007fff93739000 	C:\Program Files\Java\jdk-17\bin\jli.dll
0x00007fffbcef0000 - 0x00007fffbcfa4000 	C:\WINDOWS\System32\ADVAPI32.dll
0x00007fffbd5c0000 - 0x00007fffbd669000 	C:\WINDOWS\System32\msvcrt.dll
0x00007fffbc990000 - 0x00007fffbca36000 	C:\WINDOWS\System32\sechost.dll
0x00007fffbc0b0000 - 0x00007fffbc1c8000 	C:\WINDOWS\System32\RPCRT4.dll
0x00007fffbbee0000 - 0x00007fffbc0a7000 	C:\WINDOWS\System32\USER32.dll
0x00007fffbb160000 - 0x00007fffbb187000 	C:\WINDOWS\System32\win32u.dll
0x00007fff9ac00000 - 0x00007fff9ae94000 	C:\WINDOWS\WinSxS\amd64_microsoft.windows.common-controls_6595b64144ccf1df_6.0.26100.7019_none_3e06ffa0e335b8a8\COMCTL32.dll
0x00007fffbd6d0000 - 0x00007fffbd6fb000 	C:\WINDOWS\System32\GDI32.dll
0x00007fffbb190000 - 0x00007fffbb2bc000 	C:\WINDOWS\System32\gdi32full.dll
0x00007fffbb2c0000 - 0x00007fffbb363000 	C:\WINDOWS\System32\msvcp_win.dll
0x00007fffa73d0000 - 0x00007fffa73db000 	C:\WINDOWS\SYSTEM32\VERSION.dll
0x00007fffbd500000 - 0x00007fffbd531000 	C:\WINDOWS\System32\IMM32.DLL
0x00007fff97aa0000 - 0x00007fff97aac000 	C:\Program Files\Java\jdk-17\bin\vcruntime140_1.dll
0x00007fff8b650000 - 0x00007fff8b6de000 	C:\Program Files\Java\jdk-17\bin\msvcp140.dll
0x00007fff4c4a0000 - 0x00007fff4d080000 	C:\Program Files\Java\jdk-17\bin\server\jvm.dll
0x00007fffbc950000 - 0x00007fffbc958000 	C:\WINDOWS\System32\PSAPI.DLL
0x00007fffaa0f0000 - 0x00007fffaa0fa000 	C:\WINDOWS\SYSTEM32\WSOCK32.dll
0x00007fffbcc90000 - 0x00007fffbcd04000 	C:\WINDOWS\System32\WS2_32.dll
0x00007fffaf380000 - 0x00007fffaf3b5000 	C:\WINDOWS\SYSTEM32\WINMM.dll
0x00007fffb95b0000 - 0x00007fffb95cb000 	C:\WINDOWS\SYSTEM32\kernel.appcore.dll
0x00007fff92650000 - 0x00007fff9265a000 	C:\Program Files\Java\jdk-17\bin\jimage.dll
0x00007fffb7f70000 - 0x00007fffb81b2000 	C:\WINDOWS\SYSTEM32\DBGHELP.DLL
0x00007fffbc290000 - 0x00007fffbc61b000 	C:\WINDOWS\System32\combase.dll
0x00007fffbbd40000 - 0x00007fffbbe17000 	C:\WINDOWS\System32\OLEAUT32.dll
0x00007fff8b0b0000 - 0x00007fff8b0ec000 	C:\WINDOWS\SYSTEM32\dbgcore.DLL
0x00007fffbb370000 - 0x00007fffbb415000 	C:\WINDOWS\System32\bcryptPrimitives.dll
0x00007fff91f60000 - 0x00007fff91f85000 	C:\Program Files\Java\jdk-17\bin\java.dll
0x00007fff70040000 - 0x00007fff70117000 	C:\Program Files\Java\jdk-17\bin\jsvml.dll
0x00007fffbb4e0000 - 0x00007fffbbc2f000 	C:\WINDOWS\System32\SHELL32.dll
0x00007fffbaa10000 - 0x00007fffbab7b000 	C:\WINDOWS\System32\wintypes.dll
0x00007fffb8470000 - 0x00007fffb8ccd000 	C:\WINDOWS\SYSTEM32\windows.storage.dll
0x00007fffbc7d0000 - 0x00007fffbc8c2000 	C:\WINDOWS\System32\SHCORE.dll
0x00007fffbbe20000 - 0x00007fffbbe87000 	C:\WINDOWS\System32\shlwapi.dll
0x00007fffba7b0000 - 0x00007fffba7d9000 	C:\WINDOWS\SYSTEM32\profapi.dll
0x00007fff91f40000 - 0x00007fff91f58000 	C:\Program Files\Java\jdk-17\bin\zip.dll

dbghelp: loaded successfully - version: 4.0.5 - missing functions: none
symbol engine: initialized successfully - sym options: 0x614 - pdb path: .;C:\Program Files\Java\jdk-17\bin;C:\WINDOWS\SYSTEM32;C:\WINDOWS\WinSxS\amd64_microsoft.windows.common-controls_6595b64144ccf1df_6.0.26100.7019_none_3e06ffa0e335b8a8;C:\Program Files\Java\jdk-17\bin\server

VM Arguments:
jvm_args: -Dfile.encoding=UTF-8 -Dstdout.encoding=UTF-8 -Dstderr.encoding=UTF-8 -XX:+ShowCodeDetailsInExceptionMessages 
java_command: Main
java_class_path (initial): C:\Users\JC\final_try\target\classes;C:\Users\JC\.p2\pool\plugins\junit-jupiter-api_5.10.2.jar;C:\Users\JC\.p2\pool\plugins\junit-jupiter-engine_5.10.2.jar;C:\Users\JC\.p2\pool\plugins\junit-jupiter-migrationsupport_5.10.2.jar;C:\Users\JC\.p2\pool\plugins\junit-jupiter-params_5.10.2.jar;C:\Users\JC\.p2\pool\plugins\junit-platform-commons_1.10.2.jar;C:\Users\JC\.p2\pool\plugins\junit-platform-engine_1.10.2.jar;C:\Users\JC\.p2\pool\plugins\junit-platform-launcher_1.10.2.jar;C:\Users\JC\.p2\pool\plugins\junit-platform-runner_1.10.2.jar;C:\Users\JC\.p2\pool\plugins\junit-platform-suite-api_1.10.2.jar;C:\Users\JC\.p2\pool\plugins\junit-platform-suite-engine_1.10.2.jar;C:\Users\JC\.p2\pool\plugins\junit-platform-suite-commons_1.10.2.jar;C:\Users\JC\.p2\pool\plugins\junit-vintage-engine_5.10.2.jar;C:\Users\JC\.p2\pool\plugins\org.opentest4j_1.3.0.jar;C:\Users\JC\.p2\pool\plugins\org.apiguardian.api_1.1.2.jar;C:\Users\JC\.p2\pool\plugins\org.junit_4.13.2.v20230809-1000.jar;C:\Users\JC\.p2\pool\plugins\org.hamcrest_2.2.0.jar;C:\Users\JC\.p2\pool\plugins\org.hamcrest.core_2.2.0.v20230809-1000.jar;C:\Users\JC\.m2\repository\com\sun\mail\jakarta.mail\2.0.1\jakarta.mail-2.0.1.jar;C:\Users\JC\.m2\repository\com\sun\activation\jakarta.activation\2.0.1\jakarta.activation-2.0.1.jar;C:\Users\JC\.m2\repository\io\github\cdimascio\dotenv-java\3.0.0\dotenv-java-3.0.0.jar
Launcher Type: SUN_STANDARD

[Global flags]
     intx CICompilerCount                          = 4                                         {product} {ergonomic}
     uint ConcGCThreads                            = 3                                         {product} {ergonomic}
     uint G1ConcRefinementThreads                  = 10                                        {product} {ergonomic}
   size_t G1HeapRegionSize                         = 2097152                                   {product} {ergonomic}
    uintx GCDrainStackTargetSize                   = 64                                        {product} {ergonomic}
   size_t InitialHeapSize                          = 264241152                                 {product} {ergonomic}
   size_t MarkStackSize                            = 4194304                                   {product} {ergonomic}
   size_t MaxHeapSize                              = 4211081216                                {product} {ergonomic}
   size_t MaxNewSize                               = 2524971008                                {product} {ergonomic}
   size_t MinHeapDeltaBytes                        = 2097152                                   {product} {ergonomic}
   size_t MinHeapSize                              = 8388608                                   {product} {ergonomic}
    uintx NonNMethodCodeHeapSize                   = 5839372                                {pd product} {ergonomic}
    uintx NonProfiledCodeHeapSize                  = 122909434                              {pd product} {ergonomic}
    uintx ProfiledCodeHeapSize                     = 122909434                              {pd product} {ergonomic}
    uintx ReservedCodeCacheSize                    = 251658240                              {pd product} {ergonomic}
     bool SegmentedCodeCache                       = true                                      {product} {ergonomic}
     bool ShowCodeDetailsInExceptionMessages       = true                                   {manageable} {command line}
   size_t SoftMaxHeapSize                          = 4211081216                             {manageable} {ergonomic}
     bool UseCompressedClassPointers               = true                           {product lp64_product} {ergonomic}
     bool UseCompressedOops                        = true                           {product lp64_product} {ergonomic}
     bool UseG1GC                                  = true                                      {product} {ergonomic}
     bool UseLargePagesIndividualAllocation        = false                                  {pd product} {ergonomic}

Logging:
Log output configuration:
 #0: stdout all=warning uptime,level,tags
 #1: stderr all=off uptime,level,tags

Environment Variables:
JAVA_HOME=C:\Program Files\Java\jdk-22\bin
PATH=C:/Users/JC/.p2/pool/plugins/org.eclipse.justj.openjdk.hotspot.jre.full.win32.x86_64_22.0.0.v20240322-1225/jre/bin/server;C:/Users/JC/.p2/pool/plugins/org.eclipse.justj.openjdk.hotspot.jre.full.win32.x86_64_22.0.0.v20240322-1225/jre/bin;C:\Program Files\Common Files\Oracle\Java\javapath;C:\Program Files\Microsoft\jdk-11.0.16.101-hotspot\bin;C:\WINDOWS\system32;C:\WINDOWS;C:\WINDOWS\System32\Wbem;C:\WINDOWS\System32\WindowsPowerShell\v1.0\;C:\WINDOWS\System32\OpenSSH\;C:\Program Files\Microsoft SQL Server\150\Tools\Binn\;C:\Program Files\dotnet\;C:\Program Files\Git\cmd;C:\Users\JC\AppData\Local\Microsoft\WindowsApps;C:\Program Files\Java\jdk-22\bin;C:\Users\JC\Desktop\opencv\build\x64\vc16\bin;;C:\Program Files\JetBrains\IntelliJ IDEA 2025.1\bin;;C:\xampp\php;C:\Users\JC\AppData\Local\ComposerSetup\bin;C:\Users\JC\AppData\Roaming\Composer\vendor\bin;C:\WINDOWS\System32;
USERNAME=JC
OS=Windows_NT
PROCESSOR_IDENTIFIER=Intel64 Family 6 Model 154 Stepping 4, GenuineIntel



---------------  S Y S T E M  ---------------

OS:
 Windows 11 , 64 bit Build 26100 (10.0.26100.7019)
OS uptime: 18 days 9:16 hours
Hyper-V role detected

CPU: total 12 (initial active 12) (6 cores per cpu, 2 threads per core) family 6 model 154 stepping 4 microcode 0x437, cx8, cmov, fxsr, ht, mmx, 3dnowpref, sse, sse2, sse3, ssse3, sse4.1, sse4.2, popcnt, lzcnt, tsc, tscinvbit, avx, avx2, aes, erms, clmul, bmi1, bmi2, adx, sha, fma, vzeroupper, clflush, clflushopt, clwb, hv

Memory: 4k page, system-wide physical 16057M (4227M free)
TotalPageFile size 18105M (AvailPageFile size 0M)
current process WorkingSet (physical memory assigned to process): 35M, peak: 35M
current process commit charge ("private bytes"): 339M, peak: 340M

vm_info: Java HotSpot(TM) 64-Bit Server VM (17.0.11+7-LTS-207) for windows-amd64 JRE (17.0.11+7-LTS-207), built on Mar 11 2024 19:01:50 by "mach5one" with MS VC++ 17.6 (VS2022)

END.
