#
# There is insufficient memory for the Java Runtime Environment to continue.
# Native memory allocation (mmap) failed to map 4128768 bytes for G1 virtual space
# Possible reasons:
#   The system is out of physical RAM or swap space
#   The process is running with CompressedOops enabled, and the Java Heap may be blocking the growth of the native heap
# Possible solutions:
#   Reduce memory load on the system
#   Increase physical memory or swap space
#   Check if swap backing store is full
#   Decrease Java heap size (-Xmx/-Xms)
#   Decrease number of Java threads
#   Decrease Java thread stack sizes (-Xss)
#   Set larger code cache with -XX:ReservedCodeCacheSize=
#   JVM is running with Zero Based Compressed Oops mode in which the Java heap is
#     placed in the first 32GB address space. The Java Heap base address is the
#     maximum limit for the native heap growth. Please use -XX:HeapBaseMinAddress
#     to set the Java Heap base and to place the Java Heap above 32GB virtual address.
# This output file may be truncated or incomplete.
#
#  Out of Memory Error (os_windows.cpp:3548), pid=32484, tid=31520
#
# JRE version:  (17.0.11+7) (build )
# Java VM: Java HotSpot(TM) 64-Bit Server VM (17.0.11+7-LTS-207, mixed mode, sharing, tiered, compressed oops, compressed class ptrs, g1 gc, windows-amd64)
# No core dump will be written. Minidumps are not enabled by default on client versions of Windows
#

---------------  S U M M A R Y ------------

Command Line: -Dfile.encoding=UTF-8 -Dstdout.encoding=UTF-8 -Dstderr.encoding=UTF-8 -XX:+ShowCodeDetailsInExceptionMessages Main

Host: 12th Gen Intel(R) Core(TM) i7-1255U, 12 cores, 15G,  Windows 11 , 64 bit Build 26100 (10.0.26100.7019)
Time: Mon Dec  1 15:10:21 2025 South Africa Standard Time elapsed time: 1.563743 seconds (0d 0h 0m 1s)

---------------  T H R E A D  ---------------

Current thread (0x0000013b52234ff0):  JavaThread "Unknown thread" [_thread_in_vm, id=31520, stack(0x00000034ec000000,0x00000034ec100000)]

Stack: [0x00000034ec000000,0x00000034ec100000]
Native frames: (J=compiled Java code, j=interpreted, Vv=VM code, C=native code)
V  [jvm.dll+0x679cca]
V  [jvm.dll+0x7da13d]
V  [jvm.dll+0x7dba83]
V  [jvm.dll+0x7dc0f3]
V  [jvm.dll+0x2449af]
V  [jvm.dll+0x676ce9]
V  [jvm.dll+0x66b852]
V  [jvm.dll+0x3018d6]
V  [jvm.dll+0x308e76]
V  [jvm.dll+0x359703]
V  [jvm.dll+0x35991f]
V  [jvm.dll+0x2d89a8]
V  [jvm.dll+0x2d9914]
V  [jvm.dll+0x7ac6b1]
V  [jvm.dll+0x366f61]
V  [jvm.dll+0x78b609]
V  [jvm.dll+0x3ec22f]
V  [jvm.dll+0x3ede61]
C  [jli.dll+0x5297]
C  [ucrtbase.dll+0x37b0]
C  [KERNEL32.DLL+0x2e8d7]
C  [ntdll.dll+0x8c53c]


---------------  P R O C E S S  ---------------

Threads class SMR info:
_java_thread_list=0x00007fff24717a18, length=0, elements={
}

Java Threads: ( => current thread )

Other Threads:
  0x0000013b5229b4e0 GCTaskThread "GC Thread#0" [stack: 0x00000034ec100000,0x00000034ec200000] [id=30480]
  0x0000013b522abf30 ConcurrentGCThread "G1 Main Marker" [stack: 0x00000034ec200000,0x00000034ec300000] [id=8012]
  0x0000013b522ac940 ConcurrentGCThread "G1 Conc#0" [stack: 0x00000034ec300000,0x00000034ec400000] [id=16268]

[error occurred during error reporting (printing all threads), id 0xc0000005, EXCEPTION_ACCESS_VIOLATION (0xc0000005) at pc=0x00007fff23f49497]

VM state: not at safepoint (not fully initialized)

VM Mutex/Monitor currently owned by a thread:  ([mutex/lock_event])
[0x0000013b52232ad0] Heap_lock - owner thread: 0x0000013b52234ff0

Heap address: 0x0000000705000000, size: 4016 MB, Compressed Oops mode: Zero based, Oop shift amount: 3

CDS archive(s) mapped at: [0x0000000000000000-0x0000000000000000-0x0000000000000000), size 0, SharedBaseAddress: 0x0000000800000000, ArchiveRelocationMode: 1.
Narrow klass base: 0x0000000000000000, Narrow klass shift: 0, Narrow klass range: 0x0

GC Precious Log:
<Empty>

Heap:
 garbage-first heap   total 0K, used 0K [0x0000000705000000, 0x0000000800000000)
  region size 2048K, 0 young (0K), 0 survivors (0K)

[error occurred during error reporting (printing heap information), id 0xc0000005, EXCEPTION_ACCESS_VIOLATION (0xc0000005) at pc=0x00007fff24333559]

GC Heap History (0 events):
No events

Deoptimization events (0 events):
No events

Classes unloaded (0 events):
No events

Classes redefined (0 events):
No events

Internal exceptions (0 events):
No events

VM Operations (0 events):
No events

Events (1 events):
Event: 0.007 Loaded shared library C:\Program Files\Java\jdk-17\bin\java.dll


Dynamic libraries:
0x00007ff64a090000 - 0x00007ff64a0a0000 	C:\Program Files\Java\jdk-17\bin\javaw.exe
0x00007fffbd740000 - 0x00007fffbd9a8000 	C:\WINDOWS\SYSTEM32\ntdll.dll
0x00007fffbcbb0000 - 0x00007fffbcc79000 	C:\WINDOWS\System32\KERNEL32.DLL
0x00007fffbacd0000 - 0x00007fffbb0c8000 	C:\WINDOWS\System32\KERNELBASE.dll
0x00007fffbab80000 - 0x00007fffbaccb000 	C:\WINDOWS\System32\ucrtbase.dll
0x00007fff92650000 - 0x00007fff92669000 	C:\Program Files\Java\jdk-17\bin\jli.dll
0x00007fff92530000 - 0x00007fff9254b000 	C:\Program Files\Java\jdk-17\bin\VCRUNTIME140.dll
0x00007fffbcef0000 - 0x00007fffbcfa4000 	C:\WINDOWS\System32\ADVAPI32.dll
0x00007fffbd5c0000 - 0x00007fffbd669000 	C:\WINDOWS\System32\msvcrt.dll
0x00007fffbc990000 - 0x00007fffbca36000 	C:\WINDOWS\System32\sechost.dll
0x00007fffbc0b0000 - 0x00007fffbc1c8000 	C:\WINDOWS\System32\RPCRT4.dll
0x00007fffbbee0000 - 0x00007fffbc0a7000 	C:\WINDOWS\System32\USER32.dll
0x00007fff9ac00000 - 0x00007fff9ae94000 	C:\WINDOWS\WinSxS\amd64_microsoft.windows.common-controls_6595b64144ccf1df_6.0.26100.7019_none_3e06ffa0e335b8a8\COMCTL32.dll
0x00007fffbb160000 - 0x00007fffbb187000 	C:\WINDOWS\System32\win32u.dll
0x00007fffbd6d0000 - 0x00007fffbd6fb000 	C:\WINDOWS\System32\GDI32.dll
0x00007fffbb190000 - 0x00007fffbb2bc000 	C:\WINDOWS\System32\gdi32full.dll
0x00007fffbb2c0000 - 0x00007fffbb363000 	C:\WINDOWS\System32\msvcp_win.dll
0x00007fffa73d0000 - 0x00007fffa73db000 	C:\WINDOWS\SYSTEM32\VERSION.dll
0x00007fffbd500000 - 0x00007fffbd531000 	C:\WINDOWS\System32\IMM32.DLL
0x00007fff97ae0000 - 0x00007fff97aec000 	C:\Program Files\Java\jdk-17\bin\vcruntime140_1.dll
0x00007fff796b0000 - 0x00007fff7973e000 	C:\Program Files\Java\jdk-17\bin\msvcp140.dll
0x00007fff23c60000 - 0x00007fff24840000 	C:\Program Files\Java\jdk-17\bin\server\jvm.dll
0x00007fffbc950000 - 0x00007fffbc958000 	C:\WINDOWS\System32\PSAPI.DLL
0x00007fffaa0f0000 - 0x00007fffaa0fa000 	C:\WINDOWS\SYSTEM32\WSOCK32.dll
0x00007fffaf380000 - 0x00007fffaf3b5000 	C:\WINDOWS\SYSTEM32\WINMM.dll
0x00007fffbcc90000 - 0x00007fffbcd04000 	C:\WINDOWS\System32\WS2_32.dll
0x00007fffb95b0000 - 0x00007fffb95cb000 	C:\WINDOWS\SYSTEM32\kernel.appcore.dll
0x00007fff97aa0000 - 0x00007fff97aaa000 	C:\Program Files\Java\jdk-17\bin\jimage.dll
0x00007fffb7f70000 - 0x00007fffb81b2000 	C:\WINDOWS\SYSTEM32\DBGHELP.DLL
0x00007fffbc290000 - 0x00007fffbc61b000 	C:\WINDOWS\System32\combase.dll
0x00007fffbbd40000 - 0x00007fffbbe17000 	C:\WINDOWS\System32\OLEAUT32.dll
0x00007fff8b0b0000 - 0x00007fff8b0ec000 	C:\WINDOWS\SYSTEM32\dbgcore.DLL
0x00007fffbb370000 - 0x00007fffbb415000 	C:\WINDOWS\System32\bcryptPrimitives.dll
0x00007fff91810000 - 0x00007fff91835000 	C:\Program Files\Java\jdk-17\bin\java.dll

dbghelp: loaded successfully - version: 4.0.5 - missing functions: none
symbol engine: initialized successfully - sym options: 0x614 - pdb path: .;C:\Program Files\Java\jdk-17\bin;C:\WINDOWS\SYSTEM32;C:\WINDOWS\WinSxS\amd64_microsoft.windows.common-controls_6595b64144ccf1df_6.0.26100.7019_none_3e06ffa0e335b8a8;C:\Program Files\Java\jdk-17\bin\server

VM Arguments:
jvm_args: -Dfile.encoding=UTF-8 -Dstdout.encoding=UTF-8 -Dstderr.encoding=UTF-8 -XX:+ShowCodeDetailsInExceptionMessages 
java_command: Main
java_class_path (initial): C:\Users\JC\final_try\target\classes;C:\Users\JC\.p2\pool\plugins\junit-jupiter-api_5.10.2.jar;C:\Users\JC\.p2\pool\plugins\junit-jupiter-engine_5.10.2.jar;C:\Users\JC\.p2\pool\plugins\junit-jupiter-migrationsupport_5.10.2.jar;C:\Users\JC\.p2\pool\plugins\junit-jupiter-params_5.10.2.jar;C:\Users\JC\.p2\pool\plugins\junit-platform-commons_1.10.2.jar;C:\Users\JC\.p2\pool\plugins\junit-platform-engine_1.10.2.jar;C:\Users\JC\.p2\pool\plugins\junit-platform-launcher_1.10.2.jar;C:\Users\JC\.p2\pool\plugins\junit-platform-runner_1.10.2.jar;C:\Users\JC\.p2\pool\plugins\junit-platform-suite-api_1.10.2.jar;C:\Users\JC\.p2\pool\plugins\junit-platform-suite-engine_1.10.2.jar;C:\Users\JC\.p2\pool\plugins\junit-platform-suite-commons_1.10.2.jar;C:\Users\JC\.p2\pool\plugins\junit-vintage-engine_5.10.2.jar;C:\Users\JC\.p2\pool\plugins\org.opentest4j_1.3.0.jar;C:\Users\JC\.p2\pool\plugins\org.apiguardian.api_1.1.2.jar;C:\Users\JC\.p2\pool\plugins\org.junit_4.13.2.v20230809-1000.jar;C:\Users\JC\.p2\pool\plugins\org.hamcrest_2.2.0.jar;C:\Users\JC\.p2\pool\plugins\org.hamcrest.core_2.2.0.v20230809-1000.jar;C:\Users\JC\.m2\repository\com\sun\mail\jakarta.mail\2.0.1\jakarta.mail-2.0.1.jar;C:\Users\JC\.m2\repository\com\sun\activation\jakarta.activation\2.0.1\jakarta.activation-2.0.1.jar;C:\Users\JC\.m2\repository\io\github\cdimascio\dotenv-java\3.0.0\dotenv-java-3.0.0.jar
Launcher Type: SUN_STANDARD

[Global flags]
     intx CICompilerCount                          = 4                                         {product} {ergonomic}
     uint ConcGCThreads                            = 3                                         {product} {ergonomic}
     uint G1ConcRefinementThreads                  = 10                                        {product} {ergonomic}
   size_t G1HeapRegionSize                         = 2097152                                   {product} {ergonomic}
    uintx GCDrainStackTargetSize                   = 64                                        {product} {ergonomic}
   size_t InitialHeapSize                          = 264241152                                 {product} {ergonomic}
   size_t MarkStackSize                            = 4194304                                   {product} {ergonomic}
   size_t MaxHeapSize                              = 4211081216                                {product} {ergonomic}
   size_t MinHeapDeltaBytes                        = 2097152                                   {product} {ergonomic}
   size_t MinHeapSize                              = 8388608                                   {product} {ergonomic}
    uintx NonNMethodCodeHeapSize                   = 5839372                                {pd product} {ergonomic}
    uintx NonProfiledCodeHeapSize                  = 122909434                              {pd product} {ergonomic}
    uintx ProfiledCodeHeapSize                     = 122909434                              {pd product} {ergonomic}
    uintx ReservedCodeCacheSize                    = 251658240                              {pd product} {ergonomic}
     bool SegmentedCodeCache                       = true                                      {product} {ergonomic}
     bool ShowCodeDetailsInExceptionMessages       = true                                   {manageable} {command line}
   size_t SoftMaxHeapSize                          = 4211081216                             {manageable} {ergonomic}
     bool UseCompressedClassPointers               = true                           {product lp64_product} {ergonomic}
     bool UseCompressedOops                        = true                           {product lp64_product} {ergonomic}
     bool UseG1GC                                  = true                                      {product} {ergonomic}
     bool UseLargePagesIndividualAllocation        = false                                  {pd product} {ergonomic}

Logging:
Log output configuration:
 #0: stdout all=warning uptime,level,tags
 #1: stderr all=off uptime,level,tags

Environment Variables:
JAVA_HOME=C:\Program Files\Java\jdk-22\bin
PATH=C:/Users/JC/.p2/pool/plugins/org.eclipse.justj.openjdk.hotspot.jre.full.win32.x86_64_22.0.0.v20240322-1225/jre/bin/server;C:/Users/JC/.p2/pool/plugins/org.eclipse.justj.openjdk.hotspot.jre.full.win32.x86_64_22.0.0.v20240322-1225/jre/bin;C:\Program Files\Common Files\Oracle\Java\javapath;C:\Program Files\Microsoft\jdk-11.0.16.101-hotspot\bin;C:\WINDOWS\system32;C:\WINDOWS;C:\WINDOWS\System32\Wbem;C:\WINDOWS\System32\WindowsPowerShell\v1.0\;C:\WINDOWS\System32\OpenSSH\;C:\Program Files\Microsoft SQL Server\150\Tools\Binn\;C:\Program Files\dotnet\;C:\Program Files\Git\cmd;C:\Users\JC\AppData\Local\Microsoft\WindowsApps;C:\Program Files\Java\jdk-22\bin;C:\Users\JC\Desktop\opencv\build\x64\vc16\bin;;C:\Program Files\JetBrains\IntelliJ IDEA 2025.1\bin;;C:\xampp\php;C:\Users\JC\AppData\Local\ComposerSetup\bin;C:\Users\JC\AppData\Roaming\Composer\vendor\bin;C:\WINDOWS\System32;
USERNAME=JC
OS=Windows_NT
PROCESSOR_IDENTIFIER=Intel64 Family 6 Model 154 Stepping 4, GenuineIntel



---------------  S Y S T E M  ---------------

OS:
 Windows 11 , 64 bit Build 26100 (10.0.26100.7019)
OS uptime: 18 days 11:18 hours
Hyper-V role detected

CPU: total 12 (initial active 12) (6 cores per cpu, 2 threads per core) family 6 model 154 stepping 4 microcode 0x437, cx8, cmov, fxsr, ht, mmx, 3dnowpref, sse, sse2, sse3, ssse3, sse4.1, sse4.2, popcnt, lzcnt, tsc, tscinvbit, avx, avx2, aes, erms, clmul, bmi1, bmi2, adx, sha, fma, vzeroupper, clflush, clflushopt, clwb, hv

Memory: 4k page, system-wide physical 16057M (4390M free)
TotalPageFile size 18105M (AvailPageFile size 35M)
current process WorkingSet (physical memory assigned to process): 12M, peak: 12M
current process commit charge ("private bytes"): 317M, peak: 321M

vm_info: Java HotSpot(TM) 64-Bit Server VM (17.0.11+7-LTS-207) for windows-amd64 JRE (17.0.11+7-LTS-207), built on Mar 11 2024 19:01:50 by "mach5one" with MS VC++ 17.6 (VS2022)

END.
